2024-05-31 03:54:02 - Restic repository already initialized.
2024-05-31 03:54:11 - Starting backup for ./../public...
using parent snapshot f67aa84e

Files:           0 new,     1 changed,  2962 unmodified
Dirs:            0 new,     1 changed,   305 unmodified
Added to the repository: 16.665 KiB (3.036 KiB stored)

processed 2963 files, 66.809 MiB in 0:00
snapshot c8629bc7 saved
2024-05-31 03:54:12 - Backup completed successfully.
2024-05-31 03:54:32 - Listing restic snapshots...
ID        Time                 Host                        Tags        Paths
-----------------------------------------------------------------------------------------------------------------------
7a50265b  2024-05-31 03:18:27  Blessons-MacBook-Pro.local              /Users/rvijayan/localsites/inc-backup/app/public
ea4ca00b  2024-05-31 03:18:50  Blessons-MacBook-Pro.local              /Users/rvijayan/localsites/inc-backup/app/public
899a43fd  2024-05-31 03:18:55  Blessons-MacBook-Pro.local              /Users/rvijayan/localsites/inc-backup/app/public
74f1fe3e  2024-05-31 03:19:02  Blessons-MacBook-Pro.local              /Users/rvijayan/localsites/inc-backup/app/public
f67aa84e  2024-05-31 03:40:21  Blessons-MacBook-Pro.local              /Users/rvijayan/localsites/inc-backup/app/public
c8629bc7  2024-05-31 03:54:11  Blessons-MacBook-Pro.local              /Users/rvijayan/localsites/inc-backup/app/public
-----------------------------------------------------------------------------------------------------------------------
6 snapshots
2024-05-31 03:54:54 - Deleting snapshot 7a50265b...
[0:00] 100.00%  1 / 1 files deleted

1 snapshots have been removed, running prune
loading indexes...
loading all snapshots...
finding data that is still in use for 5 snapshots
[0:00] 100.00%  5 / 5 snapshots

searching used packs...
collecting packs for deletion and repacking
[0:00] 100.00%  11 / 11 packs processed


to repack:           307 blobs / 276.844 KiB
this removes:         20 blobs / 42.653 KiB
to delete:             0 blobs / 0 B
total prune:          20 blobs / 42.653 KiB
remaining:          3394 blobs / 23.002 MiB
unused size after prune: 0 B (0.00% of remaining size)

repacking packs
[0:00] 100.00%  1 / 1 packs repacked

rebuilding index
[0:00] 100.00%  11 / 11 packs processed

deleting obsolete index files
[0:00] 100.00%  6 / 6 files deleted

removing 1 old packs
[0:00] 100.00%  1 / 1 files deleted

done
2024-05-31 03:54:55 - Snapshot 7a50265b deleted successfully.
2024-05-31 03:55:03 - Deleting snapshot ea4ca00b...
[0:00] 100.00%  1 / 1 files deleted

1 snapshots have been removed, running prune
loading indexes...
loading all snapshots...
finding data that is still in use for 4 snapshots
[0:00] 100.00%  4 / 4 snapshots

searching used packs...
collecting packs for deletion and repacking
[0:00] 100.00%  11 / 11 packs processed


to repack:           287 blobs / 233.390 KiB
this removes:         43 blobs / 30.961 KiB
to delete:             2 blobs / 2.231 KiB
total prune:          45 blobs / 33.192 KiB
remaining:          3349 blobs / 22.970 MiB
unused size after prune: 0 B (0.00% of remaining size)

repacking packs
[0:00] 100.00%  1 / 1 packs repacked

rebuilding index
[0:00] 100.00%  10 / 10 packs processed

deleting obsolete index files
[0:00] 100.00%  1 / 1 files deleted

removing 2 old packs
[0:00] 100.00%  2 / 2 files deleted

done
2024-05-31 03:55:03 - Snapshot ea4ca00b deleted successfully.
2024-05-31 03:55:15 - Deleting snapshot 899a43fd...
[0:00] 100.00%  1 / 1 files deleted

1 snapshots have been removed, running prune
loading indexes...
loading all snapshots...
finding data that is still in use for 3 snapshots
[0:00] 100.00%  3 / 3 snapshots

searching used packs...
collecting packs for deletion and repacking
[0:00] 100.00%  10 / 10 packs processed


to repack:           244 blobs / 200.707 KiB
this removes:        243 blobs / 190.850 KiB
to delete:             3 blobs / 2.717 KiB
total prune:         246 blobs / 193.566 KiB
remaining:          3103 blobs / 22.781 MiB
unused size after prune: 0 B (0.00% of remaining size)

repacking packs
[0:00] 100.00%  1 / 1 packs repacked

rebuilding index
[0:00] 100.00%  8 / 8 packs processed

deleting obsolete index files
[0:00] 100.00%  1 / 1 files deleted

removing 3 old packs
[0:00] 100.00%  3 / 3 files deleted

done
2024-05-31 03:55:16 - Snapshot 899a43fd deleted successfully.
2024-05-31 03:55:25 - Deleting snapshot 74f1fe3e...
[0:00] 100.00%  1 / 1 files deleted

1 snapshots have been removed, running prune
loading indexes...
loading all snapshots...
finding data that is still in use for 2 snapshots
[0:00] 100.00%  2 / 2 snapshots

searching used packs...
collecting packs for deletion and repacking
[0:00] 100.00%  8 / 8 packs processed


to repack:             0 blobs / 0 B
this removes:          0 blobs / 0 B
to delete:             3 blobs / 2.604 KiB
total prune:           3 blobs / 2.604 KiB
remaining:          3100 blobs / 22.778 MiB
unused size after prune: 0 B (0.00% of remaining size)

rebuilding index
[0:00] 100.00%  6 / 6 packs processed

deleting obsolete index files
[0:00] 100.00%  1 / 1 files deleted

removing 2 old packs
[0:00] 100.00%  2 / 2 files deleted

done
2024-05-31 03:55:25 - Snapshot 74f1fe3e deleted successfully.
2024-05-31 03:55:28 - Listing restic snapshots...
ID        Time                 Host                        Tags        Paths
-----------------------------------------------------------------------------------------------------------------------
f67aa84e  2024-05-31 03:40:21  Blessons-MacBook-Pro.local              /Users/rvijayan/localsites/inc-backup/app/public
c8629bc7  2024-05-31 03:54:11  Blessons-MacBook-Pro.local              /Users/rvijayan/localsites/inc-backup/app/public
-----------------------------------------------------------------------------------------------------------------------
2 snapshots
2024-05-31 03:55:36 - Deleting snapshot 74f1fe3ef67aa84e...
Ignoring "74f1fe3ef67aa84e": no matching ID found for prefix "74f1fe3ef67aa84e"
2024-05-31 03:55:37 - Snapshot 74f1fe3ef67aa84e deleted successfully.
2024-05-31 03:55:41 - Deleting snapshot f67aa84e...
[0:00] 100.00%  1 / 1 files deleted

1 snapshots have been removed, running prune
loading indexes...
loading all snapshots...
finding data that is still in use for 1 snapshots
[0:00] 100.00%  1 / 1 snapshots

searching used packs...
collecting packs for deletion and repacking
[0:00] 100.00%  6 / 6 packs processed


to repack:           306 blobs / 277.038 KiB
this removes:          2 blobs / 2.337 KiB
to delete:             0 blobs / 0 B
total prune:           2 blobs / 2.337 KiB
remaining:          3098 blobs / 22.776 MiB
unused size after prune: 599 B (0.00% of remaining size)

repacking packs
[0:00] 100.00%  1 / 1 packs repacked

rebuilding index
[0:00] 100.00%  6 / 6 packs processed

deleting obsolete index files
[0:00] 100.00%  1 / 1 files deleted

removing 1 old packs
[0:00] 100.00%  1 / 1 files deleted

done
2024-05-31 03:55:42 - Snapshot f67aa84e deleted successfully.
2024-05-31 03:55:49 - Deleting snapshot c8629bc7...
[0:00] 100.00%  1 / 1 files deleted

1 snapshots have been removed, running prune
loading indexes...
loading all snapshots...
finding data that is still in use for 0 snapshots
[0:00]          0 snapshots

searching used packs...
collecting packs for deletion and repacking
[0:00] 100.00%  6 / 6 packs processed


to repack:             0 blobs / 0 B
this removes:          0 blobs / 0 B
to delete:          3098 blobs / 22.776 MiB
total prune:        3098 blobs / 22.776 MiB
remaining:             0 blobs / 0 B
unused size after prune: 0 B ( of remaining size)

rebuilding index
[0:00]          0 packs processed

deleting obsolete index files
[0:00] 100.00%  1 / 1 files deleted

removing 6 old packs
[0:00] 100.00%  6 / 6 files deleted

done
2024-05-31 03:55:50 - Snapshot c8629bc7 deleted successfully.
2024-05-31 03:55:54 - Listing restic snapshots...
2024-05-31 03:56:12 - Starting backup for ./../public...
no parent snapshot found, will read all files

Files:        2963 new,     0 changed,     0 unmodified
Dirs:          306 new,     0 changed,     0 unmodified
Added to the repository: 65.068 MiB (22.897 MiB stored)

processed 2963 files, 66.809 MiB in 0:00
snapshot 85587bd3 saved
2024-05-31 03:56:13 - Backup completed successfully.
2024-05-31 04:07:16 - Starting backup for ./../public...
using parent snapshot 85587bd3

Files:           0 new,     0 changed,  2963 unmodified
Dirs:            0 new,     0 changed,   306 unmodified
Added to the repository: 0 B   (0 B   stored)

processed 2963 files, 66.809 MiB in 0:00
snapshot a0b1ae86 saved
2024-05-31 04:07:17 - Backup completed successfully.
2024-05-31 04:07:19 - Starting backup for ./../public...
using parent snapshot a0b1ae86

Files:           0 new,     0 changed,  2963 unmodified
Dirs:            0 new,     0 changed,   306 unmodified
Added to the repository: 0 B   (0 B   stored)

processed 2963 files, 66.809 MiB in 0:00
snapshot d24d6dd4 saved
2024-05-31 04:07:20 - Backup completed successfully.
2024-05-31 04:07:26 - Listing restic snapshots...
ID        Time                 Host                        Tags        Paths
-----------------------------------------------------------------------------------------------------------------------
85587bd3  2024-05-31 03:56:12  Blessons-MacBook-Pro.local              /Users/rvijayan/localsites/inc-backup/app/public
a0b1ae86  2024-05-31 04:07:16  Blessons-MacBook-Pro.local              /Users/rvijayan/localsites/inc-backup/app/public
d24d6dd4  2024-05-31 04:07:19  Blessons-MacBook-Pro.local              /Users/rvijayan/localsites/inc-backup/app/public
-----------------------------------------------------------------------------------------------------------------------
3 snapshots
2024-05-31 04:11:51 - Starting restore from snapshot 85587bd3 to ./restore...
restoring <Snapshot 85587bd3 of [/Users/rvijayan/localsites/inc-backup/app/public] at 2024-05-31 03:56:12.272625 +0530 IST by rvijayan@Blessons-MacBook-Pro.local> to ./restore
Summary: Restored 3269 files/dirs (66.809 MiB) in 0:00
2024-05-31 04:11:53 - Restore completed successfully.
2024-05-31 04:12:53 - Starting restore from snapshot 85587bd3 to ./../public...
restoring <Snapshot 85587bd3 of [/Users/rvijayan/localsites/inc-backup/app/public] at 2024-05-31 03:56:12.272625 +0530 IST by rvijayan@Blessons-MacBook-Pro.local> to ./../public
Summary: Restored 3269 files/dirs (66.809 MiB) in 0:00
2024-05-31 04:12:55 - Restore completed successfully.
2024-05-31 04:13:33 - Starting restore from snapshot 85587bd3 to ./../public/../...
restoring <Snapshot 85587bd3 of [/Users/rvijayan/localsites/inc-backup/app/public] at 2024-05-31 03:56:12.272625 +0530 IST by rvijayan@Blessons-MacBook-Pro.local> to ./../public/../
Summary: Restored 3269 files/dirs (66.809 MiB) in 0:00
2024-05-31 04:13:34 - Restore completed successfully.
2024-05-31 04:14:38 - Starting restore from snapshot 85587bd3 to ./../public/../...
restoring <Snapshot 85587bd3 of [/Users/rvijayan/localsites/inc-backup/app/public] at 2024-05-31 03:56:12.272625 +0530 IST by rvijayan@Blessons-MacBook-Pro.local> to ./../public/../
Summary: Restored 3269 files/dirs (66.809 MiB) in 0:00
2024-05-31 04:14:40 - Restore completed successfully.
2024-05-31 05:08:36 - Restic repository already initialized.
2024-05-31 05:08:36 - Starting backup for ./../public...
using parent snapshot d24d6dd4

Files:           0 new,  2963 changed,     0 unmodified
Dirs:            0 new,   306 changed,     0 unmodified
Added to the repository: 1.136 MiB (276.821 KiB stored)

processed 2963 files, 66.809 MiB in 0:00
snapshot 83019355 saved
2024-05-31 05:08:37 - Backup completed successfully.
2024-05-31 05:08:41 - Restic repository already initialized.
2024-05-31 05:08:41 - Starting backup for ./../public...
using parent snapshot 83019355

Files:           0 new,     0 changed,  2963 unmodified
Dirs:            0 new,     0 changed,   306 unmodified
Added to the repository: 0 B   (0 B   stored)

processed 2963 files, 66.809 MiB in 0:00
snapshot 8e3693c2 saved
2024-05-31 05:08:41 - Backup completed successfully.
2024-05-31 05:08:50 - Listing restic snapshots...
ID        Time                 Host                        Tags        Paths
-----------------------------------------------------------------------------------------------------------------------
85587bd3  2024-05-31 03:56:12  Blessons-MacBook-Pro.local              /Users/rvijayan/localsites/inc-backup/app/public
a0b1ae86  2024-05-31 04:07:16  Blessons-MacBook-Pro.local              /Users/rvijayan/localsites/inc-backup/app/public
d24d6dd4  2024-05-31 04:07:19  Blessons-MacBook-Pro.local              /Users/rvijayan/localsites/inc-backup/app/public
83019355  2024-05-31 05:08:36  Blessons-MacBook-Pro.local              /Users/rvijayan/localsites/inc-backup/app/public
8e3693c2  2024-05-31 05:08:41  Blessons-MacBook-Pro.local              /Users/rvijayan/localsites/inc-backup/app/public
-----------------------------------------------------------------------------------------------------------------------
5 snapshots
2024-05-31 05:08:56 - Listing restic snapshots...
ID        Time                 Host                        Tags        Paths
-----------------------------------------------------------------------------------------------------------------------
85587bd3  2024-05-31 03:56:12  Blessons-MacBook-Pro.local              /Users/rvijayan/localsites/inc-backup/app/public
a0b1ae86  2024-05-31 04:07:16  Blessons-MacBook-Pro.local              /Users/rvijayan/localsites/inc-backup/app/public
d24d6dd4  2024-05-31 04:07:19  Blessons-MacBook-Pro.local              /Users/rvijayan/localsites/inc-backup/app/public
83019355  2024-05-31 05:08:36  Blessons-MacBook-Pro.local              /Users/rvijayan/localsites/inc-backup/app/public
8e3693c2  2024-05-31 05:08:41  Blessons-MacBook-Pro.local              /Users/rvijayan/localsites/inc-backup/app/public
-----------------------------------------------------------------------------------------------------------------------
5 snapshots
2024-05-31 05:09:08 - Deleting snapshot 1...
Ignoring "1": no matching ID found for prefix "1"
2024-05-31 05:09:08 - Snapshot 1 deleted successfully.
2024-05-31 05:12:56 - Listing restic snapshots...
ID        Time                 Host                        Tags        Paths
-----------------------------------------------------------------------------------------------------------------------
85587bd3  2024-05-31 03:56:12  Blessons-MacBook-Pro.local              /Users/rvijayan/localsites/inc-backup/app/public
a0b1ae86  2024-05-31 04:07:16  Blessons-MacBook-Pro.local              /Users/rvijayan/localsites/inc-backup/app/public
d24d6dd4  2024-05-31 04:07:19  Blessons-MacBook-Pro.local              /Users/rvijayan/localsites/inc-backup/app/public
83019355  2024-05-31 05:08:36  Blessons-MacBook-Pro.local              /Users/rvijayan/localsites/inc-backup/app/public
8e3693c2  2024-05-31 05:08:41  Blessons-MacBook-Pro.local              /Users/rvijayan/localsites/inc-backup/app/public
-----------------------------------------------------------------------------------------------------------------------
5 snapshots
2024-05-31 05:13:13 - Listing restic snapshots...
ID        Time                 Host                        Tags        Paths
-----------------------------------------------------------------------------------------------------------------------
85587bd3  2024-05-31 03:56:12  Blessons-MacBook-Pro.local              /Users/rvijayan/localsites/inc-backup/app/public
a0b1ae86  2024-05-31 04:07:16  Blessons-MacBook-Pro.local              /Users/rvijayan/localsites/inc-backup/app/public
d24d6dd4  2024-05-31 04:07:19  Blessons-MacBook-Pro.local              /Users/rvijayan/localsites/inc-backup/app/public
83019355  2024-05-31 05:08:36  Blessons-MacBook-Pro.local              /Users/rvijayan/localsites/inc-backup/app/public
8e3693c2  2024-05-31 05:08:41  Blessons-MacBook-Pro.local              /Users/rvijayan/localsites/inc-backup/app/public
-----------------------------------------------------------------------------------------------------------------------
5 snapshots
2024-05-31 05:14:50 - Deleting snapshot 8e3693c2...
[0:00] 100.00%  1 / 1 files deleted

1 snapshots have been removed, running prune
loading indexes...
loading all snapshots...
finding data that is still in use for 4 snapshots
[0:00] 100.00%  4 / 4 snapshots

searching used packs...
collecting packs for deletion and repacking
[0:00] 100.00%  4 / 4 packs processed


to repack:             0 blobs / 0 B
this removes:          0 blobs / 0 B
to delete:             0 blobs / 0 B
total prune:           0 blobs / 0 B
remaining:          3403 blobs / 23.034 MiB
unused size after prune: 0 B (0.00% of remaining size)

done
2024-05-31 05:14:51 - Snapshot 8e3693c2 deleted successfully.
2024-05-31 05:14:57 - Listing restic snapshots...
ID        Time                 Host                        Tags        Paths
-----------------------------------------------------------------------------------------------------------------------
85587bd3  2024-05-31 03:56:12  Blessons-MacBook-Pro.local              /Users/rvijayan/localsites/inc-backup/app/public
a0b1ae86  2024-05-31 04:07:16  Blessons-MacBook-Pro.local              /Users/rvijayan/localsites/inc-backup/app/public
d24d6dd4  2024-05-31 04:07:19  Blessons-MacBook-Pro.local              /Users/rvijayan/localsites/inc-backup/app/public
83019355  2024-05-31 05:08:36  Blessons-MacBook-Pro.local              /Users/rvijayan/localsites/inc-backup/app/public
-----------------------------------------------------------------------------------------------------------------------
4 snapshots
2024-05-31 05:15:09 - Deleting snapshot d24d6dd4...
[0:00] 100.00%  1 / 1 files deleted

1 snapshots have been removed, running prune
loading indexes...
loading all snapshots...
finding data that is still in use for 3 snapshots
[0:00] 100.00%  3 / 3 snapshots

searching used packs...
collecting packs for deletion and repacking
[0:00] 100.00%  4 / 4 packs processed


to repack:             0 blobs / 0 B
this removes:          0 blobs / 0 B
to delete:             0 blobs / 0 B
total prune:           0 blobs / 0 B
remaining:          3403 blobs / 23.034 MiB
unused size after prune: 0 B (0.00% of remaining size)

done
2024-05-31 05:15:10 - Snapshot d24d6dd4 deleted successfully.
2024-05-31 05:15:11 - Listing restic snapshots...
ID        Time                 Host                        Tags        Paths
-----------------------------------------------------------------------------------------------------------------------
85587bd3  2024-05-31 03:56:12  Blessons-MacBook-Pro.local              /Users/rvijayan/localsites/inc-backup/app/public
a0b1ae86  2024-05-31 04:07:16  Blessons-MacBook-Pro.local              /Users/rvijayan/localsites/inc-backup/app/public
83019355  2024-05-31 05:08:36  Blessons-MacBook-Pro.local              /Users/rvijayan/localsites/inc-backup/app/public
-----------------------------------------------------------------------------------------------------------------------
3 snapshots
2024-05-31 05:15:17 - Deleting snapshot 83019355...
[0:00] 100.00%  1 / 1 files deleted

1 snapshots have been removed, running prune
loading indexes...
loading all snapshots...
finding data that is still in use for 2 snapshots
[0:00] 100.00%  2 / 2 snapshots

searching used packs...
collecting packs for deletion and repacking
[0:00] 100.00%  4 / 4 packs processed


to repack:             0 blobs / 0 B
this removes:          0 blobs / 0 B
to delete:           306 blobs / 264.569 KiB
total prune:         306 blobs / 264.569 KiB
remaining:          3097 blobs / 22.776 MiB
unused size after prune: 0 B (0.00% of remaining size)

rebuilding index
[0:00] 100.00%  3 / 3 packs processed

deleting obsolete index files
[0:00] 100.00%  3 / 3 files deleted

removing 1 old packs
[0:00] 100.00%  1 / 1 files deleted

done
2024-05-31 05:15:18 - Snapshot 83019355 deleted successfully.
2024-05-31 05:15:25 - Listing restic snapshots...
ID        Time                 Host                        Tags        Paths
-----------------------------------------------------------------------------------------------------------------------
85587bd3  2024-05-31 03:56:12  Blessons-MacBook-Pro.local              /Users/rvijayan/localsites/inc-backup/app/public
a0b1ae86  2024-05-31 04:07:16  Blessons-MacBook-Pro.local              /Users/rvijayan/localsites/inc-backup/app/public
-----------------------------------------------------------------------------------------------------------------------
2 snapshots
2024-05-31 05:17:11 - Deleting snapshot a0b1ae86...
[0:00] 100.00%  1 / 1 files deleted

1 snapshots have been removed, running prune
loading indexes...
loading all snapshots...
finding data that is still in use for 1 snapshots
[0:00] 100.00%  1 / 1 snapshots

searching used packs...
collecting packs for deletion and repacking
[0:00] 100.00%  3 / 3 packs processed


to repack:             0 blobs / 0 B
this removes:          0 blobs / 0 B
to delete:             0 blobs / 0 B
total prune:           0 blobs / 0 B
remaining:          3097 blobs / 22.776 MiB
unused size after prune: 0 B (0.00% of remaining size)

done
2024-05-31 05:17:12 - Snapshot a0b1ae86 deleted successfully.
2024-05-31 05:17:19 - Listing restic snapshots...
ID        Time                 Host                        Tags        Paths
-----------------------------------------------------------------------------------------------------------------------
85587bd3  2024-05-31 03:56:12  Blessons-MacBook-Pro.local              /Users/rvijayan/localsites/inc-backup/app/public
-----------------------------------------------------------------------------------------------------------------------
1 snapshots
2024-05-31 05:17:21 - Invalid SNo.
2024-05-31 05:17:30 - Restic repository already initialized.
2024-05-31 05:17:30 - Starting backup for ./../public...
using parent snapshot 85587bd3

Files:           0 new,  2963 changed,     0 unmodified
Dirs:            0 new,   306 changed,     0 unmodified
Added to the repository: 1.136 MiB (276.821 KiB stored)

processed 2963 files, 66.809 MiB in 0:00
snapshot acc88042 saved
2024-05-31 05:17:31 - Backup completed successfully.
2024-05-31 05:17:50 - Listing restic snapshots...
2024-05-31 05:18:24 - Invalid SNo.
2024-05-31 05:18:27 - Restic repository already initialized.
2024-05-31 05:18:27 - Starting backup for ./../public...
using parent snapshot acc88042

Files:           0 new,     0 changed,  2963 unmodified
Dirs:            0 new,     0 changed,   306 unmodified
Added to the repository: 0 B   (0 B   stored)

processed 2963 files, 66.809 MiB in 0:00
snapshot b0778ad0 saved
2024-05-31 05:18:28 - Backup completed successfully.
2024-05-31 05:18:29 - Restic repository already initialized.
2024-05-31 05:18:29 - Starting backup for ./../public...
using parent snapshot b0778ad0

Files:           0 new,     0 changed,  2963 unmodified
Dirs:            0 new,     0 changed,   306 unmodified
Added to the repository: 0 B   (0 B   stored)

processed 2963 files, 66.809 MiB in 0:00
snapshot ba6aa09d saved
2024-05-31 05:18:30 - Backup completed successfully.
2024-05-31 05:18:31 - Restic repository already initialized.
2024-05-31 05:18:31 - Starting backup for ./../public...
using parent snapshot ba6aa09d

Files:           0 new,     0 changed,  2963 unmodified
Dirs:            0 new,     0 changed,   306 unmodified
Added to the repository: 0 B   (0 B   stored)

processed 2963 files, 66.809 MiB in 0:00
snapshot d872b4df saved
2024-05-31 05:18:32 - Backup completed successfully.
2024-05-31 05:18:35 - Listing restic snapshots...
2024-05-31 05:18:43 - Listing restic snapshots...
2024-05-31 05:18:58 - Starting restore from snapshot 3 to ./../public/../...
Fatal: failed to find snapshot: no matching ID found for prefix "3"
2024-05-31 05:18:58 - Restore completed successfully.
2024-05-31 05:20:15 - Listing restic snapshots...
2024-05-31 05:20:22 - Starting restore from snapshot 2 to ./../public/../...
Fatal: failed to find snapshot: no matching ID found for prefix "2"
2024-05-31 05:20:22 - Restore completed successfully.
2024-05-31 05:20:34 - Listing restic snapshots...
2024-05-31 05:20:37 - Starting restore from snapshot 3 to ./../public/../...
Fatal: failed to find snapshot: no matching ID found for prefix "3"
2024-05-31 05:20:37 - Restore completed successfully.
2024-05-31 05:23:20 - Listing restic snapshots...
2024-05-31 05:23:25 - Starting restore from snapshot acc88042 to ./../public/../...
restoring <Snapshot acc88042 of [/Users/rvijayan/localsites/inc-backup/app/public] at 2024-05-31 05:17:30.731135 +0530 IST by rvijayan@Blessons-MacBook-Pro.local> to ./../public/../
Summary: Restored 3269 files/dirs (66.809 MiB) in 0:00
2024-05-31 05:23:27 - Restore completed successfully.
2024-05-31 05:23:34 - Listing restic snapshots...
2024-05-31 05:23:37 - Starting restore from snapshot b0778ad0 to ./../public/../...
restoring <Snapshot b0778ad0 of [/Users/rvijayan/localsites/inc-backup/app/public] at 2024-05-31 05:18:27.299676 +0530 IST by rvijayan@Blessons-MacBook-Pro.local> to ./../public/../
Summary: Restored 3269 files/dirs (66.809 MiB) in 0:00
2024-05-31 05:23:39 - Restore completed successfully.
2024-05-31 05:30:00 - Listing restic snapshots...
2024-05-31 05:30:16 - Listing restic snapshots...
2024-05-31 05:30:20 - Starting download from snapshot acc88042 to ./../download...
restoring <Snapshot acc88042 of [/Users/rvijayan/localsites/inc-backup/app/public] at 2024-05-31 05:17:30.731135 +0530 IST by rvijayan@Blessons-MacBook-Pro.local> to ./../download
Summary: Restored 3269 files/dirs (66.809 MiB) in 0:00
2024-05-31 05:30:21 - Download completed successfully.
2024-05-31 05:32:04 - Listing restic snapshots...
2024-05-31 05:32:09 - Starting download from snapshot acc88042 to ./../download...
restoring <Snapshot acc88042 of [/Users/rvijayan/localsites/inc-backup/app/public] at 2024-05-31 05:17:30.731135 +0530 IST by rvijayan@Blessons-MacBook-Pro.local> to ./../download
Summary: Restored 3269 files/dirs (66.809 MiB) in 0:00
2024-05-31 05:32:10 - Compressing downloaded backup to ./../download/snapshot_acc88042.zip...
2024-05-31 05:35:09 - Listing restic snapshots...
2024-05-31 05:35:13 - Starting download from snapshot 85587bd3 to ./../download...
restoring <Snapshot 85587bd3 of [/Users/rvijayan/localsites/inc-backup/app/public] at 2024-05-31 03:56:12.272625 +0530 IST by rvijayan@Blessons-MacBook-Pro.local> to ./../download
Summary: Restored 3269 files/dirs (66.809 MiB) in 0:00
2024-05-31 05:35:14 - Compressing downloaded backup to ./../download/snapshot_85587bd3.zip...
2024-05-31 05:40:21 - Listing restic snapshots...
2024-05-31 05:40:25 - Starting download from snapshot acc88042 to ./../download...
restoring <Snapshot acc88042 of [/Users/rvijayan/localsites/inc-backup/app/public] at 2024-05-31 05:17:30.731135 +0530 IST by rvijayan@Blessons-MacBook-Pro.local> to ./../download
Summary: Restored 3269 files/dirs (66.809 MiB) in 0:00
2024-05-31 05:40:26 - Compressing downloaded backup to ./../download/snapshot_acc88042.zip...
2024-05-31 05:41:17 - Listing restic snapshots...
2024-05-31 05:41:26 - Starting download from snapshot acc88042 to ./../download...
restoring <Snapshot acc88042 of [/Users/rvijayan/localsites/inc-backup/app/public] at 2024-05-31 05:17:30.731135 +0530 IST by rvijayan@Blessons-MacBook-Pro.local> to ./../download
Summary: Restored 3269 files/dirs (66.809 MiB) in 0:00
2024-05-31 05:41:27 - Compressing downloaded backup to ./../download/snapshot_acc88042.zip...
2024-05-31 05:41:58 - Listing restic snapshots...
2024-05-31 05:42:01 - Starting download from snapshot acc88042 to ./../download...
restoring <Snapshot acc88042 of [/Users/rvijayan/localsites/inc-backup/app/public] at 2024-05-31 05:17:30.731135 +0530 IST by rvijayan@Blessons-MacBook-Pro.local> to ./../download
Summary: Restored 3269 files/dirs (66.809 MiB) in 0:00
2024-05-31 05:42:02 - Compressing downloaded backup to ./../download/snapshot_acc88042.zip...
2024-05-31 05:43:58 - Listing restic snapshots...
2024-05-31 05:44:01 - Starting download from snapshot 85587bd3 to ./../download...
restoring <Snapshot 85587bd3 of [/Users/rvijayan/localsites/inc-backup/app/public] at 2024-05-31 03:56:12.272625 +0530 IST by rvijayan@Blessons-MacBook-Pro.local> to ./../download
Summary: Restored 3269 files/dirs (66.809 MiB) in 0:00
2024-05-31 05:44:03 - Compressing downloaded backup to ./../download/snapshot_85587bd3.zip...
2024-05-31 05:48:18 - Listing restic snapshots...
2024-05-31 05:48:25 - Starting download from snapshot acc88042 to ./../download...
restoring <Snapshot acc88042 of [/Users/rvijayan/localsites/inc-backup/app/public] at 2024-05-31 05:17:30.731135 +0530 IST by rvijayan@Blessons-MacBook-Pro.local> to ./../download
Summary: Restored 3269 files/dirs (66.809 MiB) in 0:00
2024-05-31 05:48:26 - Compressing downloaded backup to ./../download/snapshot_acc88042.zip...
2024-05-31 06:03:56 - Listing restic snapshots...
2024-05-31 06:03:59 - Starting download from snapshot acc88042 to temp directory...
restoring <Snapshot acc88042 of [/Users/rvijayan/localsites/inc-backup/app/public] at 2024-05-31 05:17:30.731135 +0530 IST by rvijayan@Blessons-MacBook-Pro.local> to /var/folders/jy/56r4j_3j6xq8bq1lzq1gyk6m0000gs/T/tmp.cb70oKKKc1
Summary: Restored 3269 files/dirs (66.809 MiB) in 0:00
2024-05-31 06:04:01 - Compressing downloaded backup to ./../download/snapshot_acc88042.zip...
2024-05-31 06:05:16 - Listing restic snapshots...
2024-05-31 06:05:19 - Starting download from snapshot acc88042 to temp directory...
restoring <Snapshot acc88042 of [/Users/rvijayan/localsites/inc-backup/app/public] at 2024-05-31 05:17:30.731135 +0530 IST by rvijayan@Blessons-MacBook-Pro.local> to /var/folders/jy/56r4j_3j6xq8bq1lzq1gyk6m0000gs/T/tmp.KL0mJAYiMF
Summary: Restored 3269 files/dirs (66.809 MiB) in 0:00
2024-05-31 06:05:20 - Compressing downloaded backup to ./../download/snapshot_acc88042.zip...
2024-05-31 06:06:17 - Listing restic snapshots...
2024-05-31 06:06:20 - Starting download from snapshot acc88042 to temp directory...
restoring <Snapshot acc88042 of [/Users/rvijayan/localsites/inc-backup/app/public] at 2024-05-31 05:17:30.731135 +0530 IST by rvijayan@Blessons-MacBook-Pro.local> to /var/folders/jy/56r4j_3j6xq8bq1lzq1gyk6m0000gs/T/tmp.s9kl9DvqZ1
Summary: Restored 3269 files/dirs (66.809 MiB) in 0:00
2024-05-31 06:06:21 - Compressing downloaded backup to ./../download/snapshot_acc88042.zip...
2024-05-31 06:07:21 - Listing restic snapshots...
2024-05-31 06:07:23 - Starting download from snapshot acc88042 to temp directory...
restoring <Snapshot acc88042 of [/Users/rvijayan/localsites/inc-backup/app/public] at 2024-05-31 05:17:30.731135 +0530 IST by rvijayan@Blessons-MacBook-Pro.local> to /var/folders/jy/56r4j_3j6xq8bq1lzq1gyk6m0000gs/T/tmp.mbWeUVkNPg
Summary: Restored 3269 files/dirs (66.809 MiB) in 0:00
2024-05-31 06:07:24 - Compressing downloaded backup to ./../download/snapshot_acc88042.zip...
2024-05-31 06:07:48 - Listing restic snapshots...
2024-05-31 06:07:50 - Starting download from snapshot acc88042 to temp directory...
restoring <Snapshot acc88042 of [/Users/rvijayan/localsites/inc-backup/app/public] at 2024-05-31 05:17:30.731135 +0530 IST by rvijayan@Blessons-MacBook-Pro.local> to /var/folders/jy/56r4j_3j6xq8bq1lzq1gyk6m0000gs/T/tmp.UTrUgB2PBC
Summary: Restored 3269 files/dirs (66.809 MiB) in 0:00
2024-05-31 06:07:52 - Compressing downloaded backup to ./../download/snapshot_acc88042.zip...
2024-05-31 06:08:49 - Listing restic snapshots...
2024-05-31 06:08:52 - Starting download from snapshot acc88042 to ./../download...
restoring <Snapshot acc88042 of [/Users/rvijayan/localsites/inc-backup/app/public] at 2024-05-31 05:17:30.731135 +0530 IST by rvijayan@Blessons-MacBook-Pro.local> to ./../download
Summary: Restored 3269 files/dirs (66.809 MiB) in 0:00
2024-05-31 06:08:54 - Compressing downloaded backup to ./../download/snapshot_acc88042.zip...
2024-05-31 06:10:08 - Listing restic snapshots...
2024-05-31 06:10:10 - Starting download from snapshot acc88042 to ./../download...
restoring <Snapshot acc88042 of [/Users/rvijayan/localsites/inc-backup/app/public] at 2024-05-31 05:17:30.731135 +0530 IST by rvijayan@Blessons-MacBook-Pro.local> to ./../download
Summary: Restored 3269 files/dirs (66.809 MiB) in 0:00
2024-05-31 06:10:12 - Compressing downloaded backup to ./../download/snapshot_acc88042.zip...
2024-05-31 06:11:33 - Listing restic snapshots...
2024-05-31 06:11:35 - Starting download from snapshot acc88042 to ./../download...
restoring <Snapshot acc88042 of [/Users/rvijayan/localsites/inc-backup/app/public] at 2024-05-31 05:17:30.731135 +0530 IST by rvijayan@Blessons-MacBook-Pro.local> to ./../download
Summary: Restored 3269 files/dirs (66.809 MiB) in 0:00
2024-05-31 06:11:36 - Compressing downloaded backup to ./../download/snapshot_acc88042.zip...
2024-05-31 06:14:06 - Listing restic snapshots...
2024-05-31 06:14:32 - Starting download from snapshot acc88042 to ./../download...
restoring <Snapshot acc88042 of [/Users/rvijayan/localsites/inc-backup/app/public] at 2024-05-31 05:17:30.731135 +0530 IST by rvijayan@Blessons-MacBook-Pro.local> to ./../download
Summary: Restored 3269 files/dirs (66.809 MiB) in 0:00
2024-05-31 06:14:33 - Compressing downloaded backup to ./../download/snapshot_acc88042.zip...
2024-05-31 06:16:01 - Listing restic snapshots...
2024-05-31 06:16:04 - Starting download from snapshot ba6aa09d to ./../download...
restoring <Snapshot ba6aa09d of [/Users/rvijayan/localsites/inc-backup/app/public] at 2024-05-31 05:18:29.389846 +0530 IST by rvijayan@Blessons-MacBook-Pro.local> to ./../download
Summary: Restored 3269 files/dirs (66.809 MiB) in 0:00
2024-05-31 06:16:05 - Compressing downloaded backup to ./../download/snapshot_ba6aa09d.zip...
